This file contains any messages produced by compilers while
running configure, to aid debugging if configure makes a mistake.

It was created by meetos configure 1.3.4, which was
generated by GNU Autoconf 2.69.  Invocation command line was

  $ ../configure --prefix=/usr/local/meet

## --------- ##
## Platform. ##
## --------- ##

hostname = localhost.localdomain
uname -m = x86_64
uname -r = 4.18.0-305.3.1.el8.x86_64
uname -s = Linux
uname -v = #1 SMP Tue Jun 1 16:14:33 UTC 2021

/usr/bin/uname -p = x86_64
/bin/uname -X     = unknown

/bin/arch              = x86_64
/usr/bin/arch -k       = unknown
/usr/convex/getsysinfo = unknown
/usr/bin/hostinfo      = unknown
/bin/machine           = unknown
/usr/bin/oslevel       = unknown
/bin/universe          = unknown

PATH: /root/.vscode-server-insiders/bin/2946b1ee55db1d406526d3fd1df49250b2f8322d/bin/remote-cli
PATH: /root/esp/xtensa-lx106-elf/bin
PATH: /usr/local/sbin
PATH: /usr/local/bin
PATH: /usr/sbin
PATH: /usr/bin
PATH: /root/bin


## ----------- ##
## Core tests. ##
## ----------- ##

configure:2302: checking for a BSD-compatible install
configure:2370: result: /usr/bin/install -c
configure:2381: checking whether build environment is sane
configure:2436: result: yes
configure:2587: checking for a thread-safe mkdir -p
configure:2626: result: /usr/bin/mkdir -p
configure:2633: checking for gawk
configure:2649: found /usr/bin/gawk
configure:2660: result: gawk
configure:2671: checking whether make sets $(MAKE)
configure:2693: result: yes
configure:2722: checking whether make supports nested variables
configure:2739: result: yes
configure:2928: checking for g++
configure:2944: found /usr/bin/g++
configure:2955: result: g++
configure:2982: checking for C++ compiler version
configure:2991: g++ --version >&5
g++ (GCC) 8.5.0 20210514 (Red Hat 8.5.0-4)
Copyright (C) 2018 Free Software Foundation, Inc.
This is free software; see the source for copying conditions.  There is NO
warranty; not even for MERCHANTABILITY or FITNESS FOR A PARTICULAR PURPOSE.

configure:3002: $? = 0
configure:2991: g++ -v >&5
Using built-in specs.
COLLECT_GCC=g++
COLLECT_LTO_WRAPPER=/usr/libexec/gcc/x86_64-redhat-linux/8/lto-wrapper
OFFLOAD_TARGET_NAMES=nvptx-none
OFFLOAD_TARGET_DEFAULT=1
Target: x86_64-redhat-linux
Configured with: ../configure --enable-bootstrap --enable-languages=c,c++,fortran,lto --prefix=/usr --mandir=/usr/share/man --infodir=/usr/share/info --with-bugurl=http://bugzilla.redhat.com/bugzilla --enable-shared --enable-threads=posix --enable-checking=release --enable-multilib --with-system-zlib --enable-__cxa_atexit --disable-libunwind-exceptions --enable-gnu-unique-object --enable-linker-build-id --with-gcc-major-version-only --with-linker-hash-style=gnu --enable-plugin --enable-initfini-array --with-isl --disable-libmpx --enable-offload-targets=nvptx-none --without-cuda-driver --enable-gnu-indirect-function --enable-cet --with-tune=generic --with-arch_32=x86-64 --build=x86_64-redhat-linux
Thread model: posix
gcc version 8.5.0 20210514 (Red Hat 8.5.0-4) (GCC) 
configure:3002: $? = 0
configure:2991: g++ -V >&5
g++: error: unrecognized command line option '-V'
g++: fatal error: no input files
compilation terminated.
configure:3002: $? = 1
configure:2991: g++ -qversion >&5
g++: error: unrecognized command line option '-qversion'; did you mean '--version'?
g++: fatal error: no input files
compilation terminated.
configure:3002: $? = 1
configure:3022: checking whether the C++ compiler works
configure:3044: g++    conftest.cpp  >&5
configure:3048: $? = 0
configure:3096: result: yes
configure:3099: checking for C++ compiler default output file name
configure:3101: result: a.out
configure:3107: checking for suffix of executables
configure:3114: g++ -o conftest    conftest.cpp  >&5
configure:3118: $? = 0
configure:3140: result: 
configure:3162: checking whether we are cross compiling
configure:3170: g++ -o conftest    conftest.cpp  >&5
configure:3174: $? = 0
configure:3181: ./conftest
configure:3185: $? = 0
configure:3200: result: no
configure:3205: checking for suffix of object files
configure:3227: g++ -c   conftest.cpp >&5
configure:3231: $? = 0
configure:3252: result: o
configure:3256: checking whether we are using the GNU C++ compiler
configure:3275: g++ -c   conftest.cpp >&5
configure:3275: $? = 0
configure:3284: result: yes
configure:3293: checking whether g++ accepts -g
configure:3313: g++ -c -g  conftest.cpp >&5
configure:3313: $? = 0
configure:3354: result: yes
configure:3380: checking whether make supports the include directive
configure:3395: make -f confmf.GNU && cat confinc.out
this is the am__doit target
configure:3398: $? = 0
configure:3417: result: yes (GNU style)
configure:3442: checking dependency style of g++
configure:3553: result: gcc3
configure:3616: checking for gcc
configure:3632: found /usr/bin/gcc
configure:3643: result: gcc
configure:3872: checking for C compiler version
configure:3881: gcc --version >&5
gcc (GCC) 8.5.0 20210514 (Red Hat 8.5.0-4)
Copyright (C) 2018 Free Software Foundation, Inc.
This is free software; see the source for copying conditions.  There is NO
warranty; not even for MERCHANTABILITY or FITNESS FOR A PARTICULAR PURPOSE.

configure:3892: $? = 0
configure:3881: gcc -v >&5
Using built-in specs.
COLLECT_GCC=gcc
COLLECT_LTO_WRAPPER=/usr/libexec/gcc/x86_64-redhat-linux/8/lto-wrapper
OFFLOAD_TARGET_NAMES=nvptx-none
OFFLOAD_TARGET_DEFAULT=1
Target: x86_64-redhat-linux
Configured with: ../configure --enable-bootstrap --enable-languages=c,c++,fortran,lto --prefix=/usr --mandir=/usr/share/man --infodir=/usr/share/info --with-bugurl=http://bugzilla.redhat.com/bugzilla --enable-shared --enable-threads=posix --enable-checking=release --enable-multilib --with-system-zlib --enable-__cxa_atexit --disable-libunwind-exceptions --enable-gnu-unique-object --enable-linker-build-id --with-gcc-major-version-only --with-linker-hash-style=gnu --enable-plugin --enable-initfini-array --with-isl --disable-libmpx --enable-offload-targets=nvptx-none --without-cuda-driver --enable-gnu-indirect-function --enable-cet --with-tune=generic --with-arch_32=x86-64 --build=x86_64-redhat-linux
Thread model: posix
gcc version 8.5.0 20210514 (Red Hat 8.5.0-4) (GCC) 
configure:3892: $? = 0
configure:3881: gcc -V >&5
gcc: error: unrecognized command line option '-V'
gcc: fatal error: no input files
compilation terminated.
configure:3892: $? = 1
configure:3881: gcc -qversion >&5
gcc: error: unrecognized command line option '-qversion'; did you mean '--version'?
gcc: fatal error: no input files
compilation terminated.
configure:3892: $? = 1
configure:3896: checking whether we are using the GNU C compiler
configure:3915: gcc -c   conftest.c >&5
configure:3915: $? = 0
configure:3924: result: yes
configure:3933: checking whether gcc accepts -g
configure:3953: gcc -c -g  conftest.c >&5
configure:3953: $? = 0
configure:3994: result: yes
configure:4011: checking for gcc option to accept ISO C89
configure:4074: gcc  -c -g -O2  conftest.c >&5
configure:4074: $? = 0
configure:4087: result: none needed
configure:4112: checking whether gcc understands -c and -o together
configure:4134: gcc -c conftest.c -o conftest2.o
configure:4137: $? = 0
configure:4134: gcc -c conftest.c -o conftest2.o
configure:4137: $? = 0
configure:4149: result: yes
configure:4168: checking dependency style of gcc
configure:4279: result: gcc3
configure:4324: checking build system type
configure:4338: result: x86_64-pc-linux-gnu
configure:4358: checking host system type
configure:4371: result: x86_64-pc-linux-gnu
configure:4412: checking how to print strings
configure:4439: result: printf
configure:4460: checking for a sed that does not truncate output
configure:4524: result: /usr/bin/sed
configure:4542: checking for grep that handles long lines and -e
configure:4600: result: /usr/bin/grep
configure:4605: checking for egrep
configure:4667: result: /usr/bin/grep -E
configure:4672: checking for fgrep
configure:4734: result: /usr/bin/grep -F
configure:4769: checking for ld used by gcc
configure:4836: result: /usr/bin/ld
configure:4843: checking if the linker (/usr/bin/ld) is GNU ld
configure:4858: result: yes
configure:4870: checking for BSD- or MS-compatible name lister (nm)
configure:4924: result: /usr/bin/nm -B
configure:5054: checking the name lister (/usr/bin/nm -B) interface
configure:5061: gcc -c -g -O2  conftest.c >&5
configure:5064: /usr/bin/nm -B "conftest.o"
configure:5067: output
0000000000000000 B some_variable
configure:5074: result: BSD nm
configure:5077: checking whether ln -s works
configure:5081: result: yes
configure:5089: checking the maximum length of command line arguments
configure:5220: result: 1572864
configure:5268: checking how to convert x86_64-pc-linux-gnu file names to x86_64-pc-linux-gnu format
configure:5308: result: func_convert_file_noop
configure:5315: checking how to convert x86_64-pc-linux-gnu file names to toolchain format
configure:5335: result: func_convert_file_noop
configure:5342: checking for /usr/bin/ld option to reload object files
configure:5349: result: -r
configure:5423: checking for objdump
configure:5439: found /usr/bin/objdump
configure:5450: result: objdump
configure:5482: checking how to recognize dependent libraries
configure:5682: result: pass_all
configure:5767: checking for dlltool
configure:5797: result: no
configure:5827: checking how to associate runtime and link libraries
configure:5854: result: printf %s\n
configure:5915: checking for ar
configure:5931: found /usr/bin/ar
configure:5942: result: ar
configure:5979: checking for archiver @FILE support
configure:5996: gcc -c -g -O2  conftest.c >&5
configure:5996: $? = 0
configure:5999: ar cru libconftest.a @conftest.lst >&5
configure:6002: $? = 0
configure:6007: ar cru libconftest.a @conftest.lst >&5
ar: conftest.o: No such file or directory
configure:6010: $? = 1
configure:6022: result: @
configure:6080: checking for strip
configure:6096: found /usr/bin/strip
configure:6107: result: strip
configure:6179: checking for ranlib
configure:6195: found /usr/bin/ranlib
configure:6206: result: ranlib
configure:6308: checking command to parse /usr/bin/nm -B output from gcc object
configure:6461: gcc -c -g -O2  conftest.c >&5
configure:6464: $? = 0
configure:6468: /usr/bin/nm -B conftest.o \| sed -n -e 's/^.*[ ]\([ABCDGIRSTW][ABCDGIRSTW]*\)[ ][ ]*\([_A-Za-z][_A-Za-z0-9]*\)$/\1 \2 \2/p' | sed '/ __gnu_lto/d' \> conftest.nm
configure:6471: $? = 0
configure:6537: gcc -o conftest -g -O2   conftest.c conftstm.o >&5
configure:6540: $? = 0
configure:6578: result: ok
configure:6625: checking for sysroot
configure:6655: result: no
configure:6662: checking for a working dd
configure:6700: result: /usr/bin/dd
configure:6704: checking how to truncate binary pipes
configure:6719: result: /usr/bin/dd bs=4096 count=1
configure:6855: gcc -c -g -O2  conftest.c >&5
configure:6858: $? = 0
configure:7048: checking for mt
configure:7078: result: no
configure:7098: checking if : is a manifest tool
configure:7104: : '-?'
configure:7112: result: no
configure:7789: checking how to run the C preprocessor
configure:7820: gcc -E  conftest.c
configure:7820: $? = 0
configure:7834: gcc -E  conftest.c
conftest.c:11:10: fatal error: ac_nonexistent.h: No such file or directory
 #include <ac_nonexistent.h>
          ^~~~~~~~~~~~~~~~~~
compilation terminated.
configure:7834: $? = 1
configure: failed program was:
| /* confdefs.h */
| #define PACKAGE_NAME "meetos"
| #define PACKAGE_TARNAME "meetos"
| #define PACKAGE_VERSION "1.3.4"
| #define PACKAGE_STRING "meetos 1.3.4"
| #define PACKAGE_BUGREPORT "admin@wangyonglin.com"
| #define PACKAGE_URL ""
| #define PACKAGE "meetos"
| #define VERSION "1.3.4"
| /* end confdefs.h.  */
| #include <ac_nonexistent.h>
configure:7859: result: gcc -E
configure:7879: gcc -E  conftest.c
configure:7879: $? = 0
configure:7893: gcc -E  conftest.c
conftest.c:11:10: fatal error: ac_nonexistent.h: No such file or directory
 #include <ac_nonexistent.h>
          ^~~~~~~~~~~~~~~~~~
compilation terminated.
configure:7893: $? = 1
configure: failed program was:
| /* confdefs.h */
| #define PACKAGE_NAME "meetos"
| #define PACKAGE_TARNAME "meetos"
| #define PACKAGE_VERSION "1.3.4"
| #define PACKAGE_STRING "meetos 1.3.4"
| #define PACKAGE_BUGREPORT "admin@wangyonglin.com"
| #define PACKAGE_URL ""
| #define PACKAGE "meetos"
| #define VERSION "1.3.4"
| /* end confdefs.h.  */
| #include <ac_nonexistent.h>
configure:7922: checking for ANSI C header files
configure:7942: gcc -c -g -O2  conftest.c >&5
configure:7942: $? = 0
configure:8015: gcc -o conftest -g -O2   conftest.c  >&5
configure:8015: $? = 0
configure:8015: ./conftest
configure:8015: $? = 0
configure:8026: result: yes
configure:8039: checking for sys/types.h
configure:8039: gcc -c -g -O2  conftest.c >&5
configure:8039: $? = 0
configure:8039: result: yes
configure:8039: checking for sys/stat.h
configure:8039: gcc -c -g -O2  conftest.c >&5
configure:8039: $? = 0
configure:8039: result: yes
configure:8039: checking for stdlib.h
configure:8039: gcc -c -g -O2  conftest.c >&5
configure:8039: $? = 0
configure:8039: result: yes
configure:8039: checking for string.h
configure:8039: gcc -c -g -O2  conftest.c >&5
configure:8039: $? = 0
configure:8039: result: yes
configure:8039: checking for memory.h
configure:8039: gcc -c -g -O2  conftest.c >&5
configure:8039: $? = 0
configure:8039: result: yes
configure:8039: checking for strings.h
configure:8039: gcc -c -g -O2  conftest.c >&5
configure:8039: $? = 0
configure:8039: result: yes
configure:8039: checking for inttypes.h
configure:8039: gcc -c -g -O2  conftest.c >&5
configure:8039: $? = 0
configure:8039: result: yes
configure:8039: checking for stdint.h
configure:8039: gcc -c -g -O2  conftest.c >&5
configure:8039: $? = 0
configure:8039: result: yes
configure:8039: checking for unistd.h
configure:8039: gcc -c -g -O2  conftest.c >&5
configure:8039: $? = 0
configure:8039: result: yes
configure:8053: checking for dlfcn.h
configure:8053: gcc -c -g -O2  conftest.c >&5
configure:8053: $? = 0
configure:8053: result: yes
configure:8320: checking for objdir
configure:8335: result: .libs
configure:8595: checking if gcc supports -fno-rtti -fno-exceptions
configure:8613: gcc -c -g -O2  -fno-rtti -fno-exceptions conftest.c >&5
cc1: warning: command line option '-fno-rtti' is valid for C++/ObjC++ but not for C
configure:8617: $? = 0
configure:8630: result: no
configure:8988: checking for gcc option to produce PIC
configure:8995: result: -fPIC -DPIC
configure:9003: checking if gcc PIC flag -fPIC -DPIC works
configure:9021: gcc -c -g -O2  -fPIC -DPIC -DPIC conftest.c >&5
configure:9025: $? = 0
configure:9038: result: yes
configure:9067: checking if gcc static flag -static works
configure:9095: result: no
configure:9110: checking if gcc supports -c -o file.o
configure:9131: gcc -c -g -O2  -o out/conftest2.o conftest.c >&5
configure:9135: $? = 0
configure:9157: result: yes
configure:9165: checking if gcc supports -c -o file.o
configure:9212: result: yes
configure:9245: checking whether the gcc linker (/usr/bin/ld -m elf_x86_64) supports shared libraries
configure:10504: result: yes
configure:10541: checking whether -lc should be explicitly linked in
configure:10549: gcc -c -g -O2  conftest.c >&5
configure:10552: $? = 0
configure:10567: gcc -shared  -fPIC -DPIC conftest.o  -v -Wl,-soname -Wl,conftest -o conftest 2\>\&1 \| /usr/bin/grep  -lc  \>/dev/null 2\>\&1
configure:10570: $? = 0
configure:10584: result: no
configure:10744: checking dynamic linker characteristics
configure:11325: gcc -o conftest -g -O2   -Wl,-rpath -Wl,/foo conftest.c  >&5
configure:11325: $? = 0
configure:11565: result: GNU/Linux ld.so
configure:11687: checking how to hardcode library paths into programs
configure:11712: result: immediate
configure:12260: checking whether stripping libraries is possible
configure:12265: result: yes
configure:12300: checking if libtool supports shared libraries
configure:12302: result: yes
configure:12305: checking whether to build shared libraries
configure:12330: result: yes
configure:12333: checking whether to build static libraries
configure:12337: result: yes
configure:12360: checking how to run the C++ preprocessor
configure:12387: g++ -E  conftest.cpp
configure:12387: $? = 0
configure:12401: g++ -E  conftest.cpp
conftest.cpp:23:10: fatal error: ac_nonexistent.h: No such file or directory
 #include <ac_nonexistent.h>
          ^~~~~~~~~~~~~~~~~~
compilation terminated.
configure:12401: $? = 1
configure: failed program was:
| /* confdefs.h */
| #define PACKAGE_NAME "meetos"
| #define PACKAGE_TARNAME "meetos"
| #define PACKAGE_VERSION "1.3.4"
| #define PACKAGE_STRING "meetos 1.3.4"
| #define PACKAGE_BUGREPORT "admin@wangyonglin.com"
| #define PACKAGE_URL ""
| #define PACKAGE "meetos"
| #define VERSION "1.3.4"
| #define STDC_HEADERS 1
| #define HAVE_SYS_TYPES_H 1
| #define HAVE_SYS_STAT_H 1
| #define HAVE_STDLIB_H 1
| #define HAVE_STRING_H 1
| #define HAVE_MEMORY_H 1
| #define HAVE_STRINGS_H 1
| #define HAVE_INTTYPES_H 1
| #define HAVE_STDINT_H 1
| #define HAVE_UNISTD_H 1
| #define HAVE_DLFCN_H 1
| #define LT_OBJDIR ".libs/"
| /* end confdefs.h.  */
| #include <ac_nonexistent.h>
configure:12426: result: g++ -E
configure:12446: g++ -E  conftest.cpp
configure:12446: $? = 0
configure:12460: g++ -E  conftest.cpp
conftest.cpp:23:10: fatal error: ac_nonexistent.h: No such file or directory
 #include <ac_nonexistent.h>
          ^~~~~~~~~~~~~~~~~~
compilation terminated.
configure:12460: $? = 1
configure: failed program was:
| /* confdefs.h */
| #define PACKAGE_NAME "meetos"
| #define PACKAGE_TARNAME "meetos"
| #define PACKAGE_VERSION "1.3.4"
| #define PACKAGE_STRING "meetos 1.3.4"
| #define PACKAGE_BUGREPORT "admin@wangyonglin.com"
| #define PACKAGE_URL ""
| #define PACKAGE "meetos"
| #define VERSION "1.3.4"
| #define STDC_HEADERS 1
| #define HAVE_SYS_TYPES_H 1
| #define HAVE_SYS_STAT_H 1
| #define HAVE_STDLIB_H 1
| #define HAVE_STRING_H 1
| #define HAVE_MEMORY_H 1
| #define HAVE_STRINGS_H 1
| #define HAVE_INTTYPES_H 1
| #define HAVE_STDINT_H 1
| #define HAVE_UNISTD_H 1
| #define HAVE_DLFCN_H 1
| #define LT_OBJDIR ".libs/"
| /* end confdefs.h.  */
| #include <ac_nonexistent.h>
configure:12622: checking for ld used by g++
configure:12689: result: /usr/bin/ld -m elf_x86_64
configure:12696: checking if the linker (/usr/bin/ld -m elf_x86_64) is GNU ld
configure:12711: result: yes
configure:12766: checking whether the g++ linker (/usr/bin/ld -m elf_x86_64) supports shared libraries
configure:13839: result: yes
configure:13875: g++ -c -g -O2  conftest.cpp >&5
configure:13878: $? = 0
configure:14359: checking for g++ option to produce PIC
configure:14366: result: -fPIC -DPIC
configure:14374: checking if g++ PIC flag -fPIC -DPIC works
configure:14392: g++ -c -g -O2  -fPIC -DPIC -DPIC conftest.cpp >&5
configure:14396: $? = 0
configure:14409: result: yes
configure:14432: checking if g++ static flag -static works
configure:14460: result: no
configure:14472: checking if g++ supports -c -o file.o
configure:14493: g++ -c -g -O2  -o out/conftest2.o conftest.cpp >&5
configure:14497: $? = 0
configure:14519: result: yes
configure:14524: checking if g++ supports -c -o file.o
configure:14571: result: yes
configure:14601: checking whether the g++ linker (/usr/bin/ld -m elf_x86_64) supports shared libraries
configure:14641: result: yes
configure:14782: checking dynamic linker characteristics
configure:15530: result: GNU/Linux ld.so
configure:15595: checking how to hardcode library paths into programs
configure:15620: result: immediate
configure:15803: checking that generated files are newer than configure
configure:15809: result: done
configure:15836: creating ./config.status

## ---------------------- ##
## Running config.status. ##
## ---------------------- ##

This file was extended by meetos config.status 1.3.4, which was
generated by GNU Autoconf 2.69.  Invocation command line was

  CONFIG_FILES    = 
  CONFIG_HEADERS  = 
  CONFIG_LINKS    = 
  CONFIG_COMMANDS = 
  $ ./config.status 

on localhost.localdomain

config.status:1148: creating Makefile
config.status:1148: creating src/meetos/Makefile
config.status:1148: creating src/user/Makefile
config.status:1148: creating config.h
config.status:1314: config.h is unchanged
config.status:1362: executing depfiles commands
config.status:1439: cd src/meetos       && sed -e '/# am--include-marker/d' Makefile         | make -f - am--depfiles
make: Nothing to be done for 'am--depfiles'.
config.status:1444: $? = 0
config.status:1439: cd src/user       && sed -e '/# am--include-marker/d' Makefile         | make -f - am--depfiles
make: Nothing to be done for 'am--depfiles'.
config.status:1444: $? = 0
config.status:1362: executing libtool commands

## ---------------- ##
## Cache variables. ##
## ---------------- ##

ac_cv_build=x86_64-pc-linux-gnu
ac_cv_c_compiler_gnu=yes
ac_cv_cxx_compiler_gnu=yes
ac_cv_env_CCC_set=
ac_cv_env_CCC_value=
ac_cv_env_CC_set=
ac_cv_env_CC_value=
ac_cv_env_CFLAGS_set=
ac_cv_env_CFLAGS_value=
ac_cv_env_CPPFLAGS_set=
ac_cv_env_CPPFLAGS_value=
ac_cv_env_CPP_set=
ac_cv_env_CPP_value=
ac_cv_env_CXXCPP_set=
ac_cv_env_CXXCPP_value=
ac_cv_env_CXXFLAGS_set=
ac_cv_env_CXXFLAGS_value=
ac_cv_env_CXX_set=
ac_cv_env_CXX_value=
ac_cv_env_LDFLAGS_set=
ac_cv_env_LDFLAGS_value=
ac_cv_env_LIBS_set=
ac_cv_env_LIBS_value=
ac_cv_env_LT_SYS_LIBRARY_PATH_set=
ac_cv_env_LT_SYS_LIBRARY_PATH_value=
ac_cv_env_build_alias_set=
ac_cv_env_build_alias_value=
ac_cv_env_host_alias_set=
ac_cv_env_host_alias_value=
ac_cv_env_target_alias_set=
ac_cv_env_target_alias_value=
ac_cv_header_dlfcn_h=yes
ac_cv_header_inttypes_h=yes
ac_cv_header_memory_h=yes
ac_cv_header_stdc=yes
ac_cv_header_stdint_h=yes
ac_cv_header_stdlib_h=yes
ac_cv_header_string_h=yes
ac_cv_header_strings_h=yes
ac_cv_header_sys_stat_h=yes
ac_cv_header_sys_types_h=yes
ac_cv_header_unistd_h=yes
ac_cv_host=x86_64-pc-linux-gnu
ac_cv_objext=o
ac_cv_path_EGREP='/usr/bin/grep -E'
ac_cv_path_FGREP='/usr/bin/grep -F'
ac_cv_path_GREP=/usr/bin/grep
ac_cv_path_SED=/usr/bin/sed
ac_cv_path_install='/usr/bin/install -c'
ac_cv_path_lt_DD=/usr/bin/dd
ac_cv_path_mkdir=/usr/bin/mkdir
ac_cv_prog_AWK=gawk
ac_cv_prog_CPP='gcc -E'
ac_cv_prog_CXXCPP='g++ -E'
ac_cv_prog_ac_ct_AR=ar
ac_cv_prog_ac_ct_CC=gcc
ac_cv_prog_ac_ct_CXX=g++
ac_cv_prog_ac_ct_OBJDUMP=objdump
ac_cv_prog_ac_ct_RANLIB=ranlib
ac_cv_prog_ac_ct_STRIP=strip
ac_cv_prog_cc_c89=
ac_cv_prog_cc_g=yes
ac_cv_prog_cxx_g=yes
ac_cv_prog_make_make_set=yes
am_cv_CC_dependencies_compiler_type=gcc3
am_cv_CXX_dependencies_compiler_type=gcc3
am_cv_make_support_nested_variables=yes
am_cv_prog_cc_c_o=yes
lt_cv_ar_at_file=@
lt_cv_archive_cmds_need_lc=no
lt_cv_deplibs_check_method=pass_all
lt_cv_file_magic_cmd='$MAGIC_CMD'
lt_cv_file_magic_test_file=
lt_cv_ld_reload_flag=-r
lt_cv_nm_interface='BSD nm'
lt_cv_objdir=.libs
lt_cv_path_LD=/usr/bin/ld
lt_cv_path_LDCXX='/usr/bin/ld -m elf_x86_64'
lt_cv_path_NM='/usr/bin/nm -B'
lt_cv_path_mainfest_tool=no
lt_cv_prog_compiler_c_o=yes
lt_cv_prog_compiler_c_o_CXX=yes
lt_cv_prog_compiler_pic='-fPIC -DPIC'
lt_cv_prog_compiler_pic_CXX='-fPIC -DPIC'
lt_cv_prog_compiler_pic_works=yes
lt_cv_prog_compiler_pic_works_CXX=yes
lt_cv_prog_compiler_rtti_exceptions=no
lt_cv_prog_compiler_static_works=no
lt_cv_prog_compiler_static_works_CXX=no
lt_cv_prog_gnu_ld=yes
lt_cv_prog_gnu_ldcxx=yes
lt_cv_sharedlib_from_linklib_cmd='printf %s\n'
lt_cv_shlibpath_overrides_runpath=no
lt_cv_sys_global_symbol_pipe='sed -n -e '\''s/^.*[	 ]\([ABCDGIRSTW][ABCDGIRSTW]*\)[	 ][	 ]*\([_A-Za-z][_A-Za-z0-9]*\)$/\1 \2 \2/p'\'' | sed '\''/ __gnu_lto/d'\'''
lt_cv_sys_global_symbol_to_c_name_address='sed -n -e '\''s/^: \(.*\) .*$/  {"\1", (void *) 0},/p'\'' -e '\''s/^[ABCDGIRSTW][ABCDGIRSTW]* .* \(.*\)$/  {"\1", (void *) \&\1},/p'\'''
lt_cv_sys_global_symbol_to_c_name_address_lib_prefix='sed -n -e '\''s/^: \(.*\) .*$/  {"\1", (void *) 0},/p'\'' -e '\''s/^[ABCDGIRSTW][ABCDGIRSTW]* .* \(lib.*\)$/  {"\1", (void *) \&\1},/p'\'' -e '\''s/^[ABCDGIRSTW][ABCDGIRSTW]* .* \(.*\)$/  {"lib\1", (void *) \&\1},/p'\'''
lt_cv_sys_global_symbol_to_cdecl='sed -n -e '\''s/^T .* \(.*\)$/extern int \1();/p'\'' -e '\''s/^[ABCDGIRSTW][ABCDGIRSTW]* .* \(.*\)$/extern char \1;/p'\'''
lt_cv_sys_global_symbol_to_import=
lt_cv_sys_max_cmd_len=1572864
lt_cv_to_host_file_cmd=func_convert_file_noop
lt_cv_to_tool_file_cmd=func_convert_file_noop
lt_cv_truncate_bin='/usr/bin/dd bs=4096 count=1'

## ----------------- ##
## Output variables. ##
## ----------------- ##

ACLOCAL='${SHELL} /github/tiktok_websockets/missing aclocal-1.16'
AMDEPBACKSLASH='\'
AMDEP_FALSE='#'
AMDEP_TRUE=''
AMTAR='$${TAR-tar}'
AM_BACKSLASH='\'
AM_DEFAULT_V='$(AM_DEFAULT_VERBOSITY)'
AM_DEFAULT_VERBOSITY='1'
AM_V='$(V)'
AR='ar'
AUTOCONF='${SHELL} /github/tiktok_websockets/missing autoconf'
AUTOHEADER='${SHELL} /github/tiktok_websockets/missing autoheader'
AUTOMAKE='${SHELL} /github/tiktok_websockets/missing automake-1.16'
AWK='gawk'
CC='gcc'
CCDEPMODE='depmode=gcc3'
CFLAGS='-g -O2'
CPP='gcc -E'
CPPFLAGS=''
CXX='g++'
CXXCPP='g++ -E'
CXXDEPMODE='depmode=gcc3'
CXXFLAGS='-g -O2'
CYGPATH_W='echo'
DEFS='-DHAVE_CONFIG_H'
DEPDIR='.deps'
DLLTOOL='false'
DSYMUTIL=''
DUMPBIN=''
ECHO_C=''
ECHO_N='-n'
ECHO_T=''
EGREP='/usr/bin/grep -E'
EXEEXT=''
FGREP='/usr/bin/grep -F'
GREP='/usr/bin/grep'
INSTALL_DATA='${INSTALL} -m 644'
INSTALL_PROGRAM='${INSTALL}'
INSTALL_SCRIPT='${INSTALL}'
INSTALL_STRIP_PROGRAM='$(install_sh) -c -s'
LD='/usr/bin/ld -m elf_x86_64'
LDFLAGS=''
LIBOBJS=''
LIBS=''
LIBTOOL='$(SHELL) $(top_builddir)/libtool'
LIPO=''
LN_S='ln -s'
LTLIBOBJS=''
LT_SYS_LIBRARY_PATH=''
MAKEINFO='${SHELL} /github/tiktok_websockets/missing makeinfo'
MANIFEST_TOOL=':'
MKDIR_P='/usr/bin/mkdir -p'
NM='/usr/bin/nm -B'
NMEDIT=''
OBJDUMP='objdump'
OBJEXT='o'
OTOOL64=''
OTOOL=''
PACKAGE='meetos'
PACKAGE_BUGREPORT='admin@wangyonglin.com'
PACKAGE_NAME='meetos'
PACKAGE_STRING='meetos 1.3.4'
PACKAGE_TARNAME='meetos'
PACKAGE_URL=''
PACKAGE_VERSION='1.3.4'
PATH_SEPARATOR=':'
RANLIB='ranlib'
SED='/usr/bin/sed'
SET_MAKE=''
SHELL='/bin/sh'
STRIP='strip'
VERSION='1.3.4'
ac_ct_AR='ar'
ac_ct_CC='gcc'
ac_ct_CXX='g++'
ac_ct_DUMPBIN=''
am__EXEEXT_FALSE=''
am__EXEEXT_TRUE='#'
am__fastdepCC_FALSE='#'
am__fastdepCC_TRUE=''
am__fastdepCXX_FALSE='#'
am__fastdepCXX_TRUE=''
am__include='include'
am__isrc=' -I$(srcdir)'
am__leading_dot='.'
am__nodep='_no'
am__quote=''
am__tar='$${TAR-tar} chof - "$$tardir"'
am__untar='$${TAR-tar} xf -'
bindir='${exec_prefix}/bin'
build='x86_64-pc-linux-gnu'
build_alias=''
build_cpu='x86_64'
build_os='linux-gnu'
build_vendor='pc'
datadir='${datarootdir}'
datarootdir='${prefix}/share'
docdir='${datarootdir}/doc/${PACKAGE_TARNAME}'
dvidir='${docdir}'
exec_prefix='${prefix}'
host='x86_64-pc-linux-gnu'
host_alias=''
host_cpu='x86_64'
host_os='linux-gnu'
host_vendor='pc'
htmldir='${docdir}'
includedir='${prefix}/include'
infodir='${datarootdir}/info'
install_sh='${SHELL} /github/tiktok_websockets/install-sh'
libdir='${exec_prefix}/lib'
libexecdir='${exec_prefix}/libexec'
localedir='${datarootdir}/locale'
localstatedir='${prefix}/var'
mandir='${datarootdir}/man'
mkdir_p='$(MKDIR_P)'
oldincludedir='/usr/include'
pdfdir='${docdir}'
prefix='/usr/local/meet'
program_transform_name='s,x,x,'
psdir='${docdir}'
sbindir='${exec_prefix}/sbin'
sharedstatedir='${prefix}/com'
sysconfdir='${prefix}/etc'
target_alias=''

## ----------- ##
## confdefs.h. ##
## ----------- ##

/* confdefs.h */
#define PACKAGE_NAME "meetos"
#define PACKAGE_TARNAME "meetos"
#define PACKAGE_VERSION "1.3.4"
#define PACKAGE_STRING "meetos 1.3.4"
#define PACKAGE_BUGREPORT "admin@wangyonglin.com"
#define PACKAGE_URL ""
#define PACKAGE "meetos"
#define VERSION "1.3.4"
#define STDC_HEADERS 1
#define HAVE_SYS_TYPES_H 1
#define HAVE_SYS_STAT_H 1
#define HAVE_STDLIB_H 1
#define HAVE_STRING_H 1
#define HAVE_MEMORY_H 1
#define HAVE_STRINGS_H 1
#define HAVE_INTTYPES_H 1
#define HAVE_STDINT_H 1
#define HAVE_UNISTD_H 1
#define HAVE_DLFCN_H 1
#define LT_OBJDIR ".libs/"

configure: exit 0

## ---------------------- ##
## Running config.status. ##
## ---------------------- ##

This file was extended by meetos config.status 1.3.4, which was
generated by GNU Autoconf 2.69.  Invocation command line was

  CONFIG_FILES    = 
  CONFIG_HEADERS  = 
  CONFIG_LINKS    = 
  CONFIG_COMMANDS = 
  $ ./config.status src/meetos/Makefile depfiles

on localhost.localdomain

config.status:1148: creating src/meetos/Makefile
config.status:1362: executing depfiles commands
config.status:1439: cd src/meetos       && sed -e '/# am--include-marker/d' Makefile         | make -f - am--depfiles
make[3]: Entering directory '/github/tiktok_websockets/build/src/meetos'
make[3]: Leaving directory '/github/tiktok_websockets/build/src/meetos'
config.status:1444: $? = 0

## ---------------------- ##
## Running config.status. ##
## ---------------------- ##

This file was extended by meetos config.status 1.3.4, which was
generated by GNU Autoconf 2.69.  Invocation command line was

  CONFIG_FILES    = 
  CONFIG_HEADERS  = 
  CONFIG_LINKS    = 
  CONFIG_COMMANDS = 
  $ ./config.status src/meetos/Makefile depfiles

on localhost.localdomain

config.status:1148: creating src/meetos/Makefile
config.status:1362: executing depfiles commands
config.status:1439: cd src/meetos       && sed -e '/# am--include-marker/d' Makefile         | make -f - am--depfiles
make[3]: Entering directory '/github/tiktok_websockets/build/src/meetos'
make[3]: Leaving directory '/github/tiktok_websockets/build/src/meetos'
config.status:1444: $? = 0
